<?xml version="1.0" encoding="UTF-8"?>
<!-- Generated by org.testng.reporters.JUnitXMLReporter -->
<testsuite ignored="0" hostname="DESKTOP-CNN42RC" failures="0" tests="7" name="Test" time="7.259" errors="0" timestamp="2022-03-05T19:34:56 IST">
  <testcase classname="TestLayer.LoginpageTest" name="@BeforeClass setup" time="6.996">
    <failure type="org.openqa.selenium.WebDriverException" message="unknown error: net::ERR_INTERNET_DISCONNECTED
  (Session info: chrome=97.0.4692.99)
Build info: version: &amp;apos;4.1.1&amp;apos;, revision: &amp;apos;e8fcc2cecf&amp;apos;
System info: host: &amp;apos;DESKTOP-CNN42RC&amp;apos;, ip: &amp;apos;127.0.0.1&amp;apos;, os.name: &amp;apos;Windows 10&amp;apos;, os.arch: &amp;apos;amd64&amp;apos;, os.version: &amp;apos;10.0&amp;apos;, java.version: &amp;apos;17.0.2&amp;apos;
Driver info: org.openqa.selenium.chrome.ChromeDriver
Command: [4c8a74164dac4417f5f029f29d2d5c20, get {url=https://opensource-demo.orangehrmlive.com/}]
Capabilities {acceptInsecureCerts: false, browserName: chrome, browserVersion: 97.0.4692.99, chrome: {chromedriverVersion: 97.0.4692.71 (adefa7837d02a..., userDataDir: C:\Users\Datta\AppData\Loca...}, goog:chromeOptions: {debuggerAddress: localhost:50018}, javascriptEnabled: true, networkConnectionEnabled: false, pageLoadStrategy: normal, platform: WINDOWS, platformName: WINDOWS, proxy: Proxy(), se:cdp: ws://localhost:50018/devtoo..., se:cdpVersion: 97.0.4692.99, setWindowRect: true, strictFileInteractability: false, timeouts: {implicit: 0, pageLoad: 300000, script: 30000}, unhandledPromptBehavior: dismiss and notify, webauthn:extension:credBlob: true, webauthn:extension:largeBlob: true, webauthn:virtualAuthenticators: true}
Session ID: 4c8a74164dac4417f5f029f29d2d5c20">
      <![CDATA[org.openqa.selenium.WebDriverException: unknown error: net::ERR_INTERNET_DISCONNECTED
  (Session info: chrome=97.0.4692.99)
Build info: version: '4.1.1', revision: 'e8fcc2cecf'
System info: host: 'DESKTOP-CNN42RC', ip: '127.0.0.1', os.name: 'Windows 10', os.arch: 'amd64', os.version: '10.0', java.version: '17.0.2'
Driver info: org.openqa.selenium.chrome.ChromeDriver
Command: [4c8a74164dac4417f5f029f29d2d5c20, get {url=https://opensource-demo.orangehrmlive.com/}]
Capabilities {acceptInsecureCerts: false, browserName: chrome, browserVersion: 97.0.4692.99, chrome: {chromedriverVersion: 97.0.4692.71 (adefa7837d02a..., userDataDir: C:\Users\Datta\AppData\Loca...}, goog:chromeOptions: {debuggerAddress: localhost:50018}, javascriptEnabled: true, networkConnectionEnabled: false, pageLoadStrategy: normal, platform: WINDOWS, platformName: WINDOWS, proxy: Proxy(), se:cdp: ws://localhost:50018/devtoo..., se:cdpVersion: 97.0.4692.99, setWindowRect: true, strictFileInteractability: false, timeouts: {implicit: 0, pageLoad: 300000, script: 30000}, unhandledPromptBehavior: dismiss and notify, webauthn:extension:credBlob: true, webauthn:extension:largeBlob: true, webauthn:virtualAuthenticators: true}
Session ID: 4c8a74164dac4417f5f029f29d2d5c20
at org.openqa.selenium.remote.codec.w3c.W3CHttpResponseCodec.createException(W3CHttpResponseCodec.java:200)
at org.openqa.selenium.remote.codec.w3c.W3CHttpResponseCodec.decode(W3CHttpResponseCodec.java:133)
at org.openqa.selenium.remote.codec.w3c.W3CHttpResponseCodec.decode(W3CHttpResponseCodec.java:53)
at org.openqa.selenium.remote.HttpCommandExecutor.execute(HttpCommandExecutor.java:184)
at org.openqa.selenium.remote.service.DriverCommandExecutor.invokeExecute(DriverCommandExecutor.java:167)
at org.openqa.selenium.remote.service.DriverCommandExecutor.execute(DriverCommandExecutor.java:142)
at org.openqa.selenium.remote.RemoteWebDriver.execute(RemoteWebDriver.java:543)
at org.openqa.selenium.remote.RemoteWebDriver.get(RemoteWebDriver.java:312)
at com.BaseLayer.BaseClass.intilization(BaseClass.java:26)
at TestLayer.LoginpageTest.setup(LoginpageTest.java:21)
at java.base/java.util.ArrayList.forEach(ArrayList.java:1511)
... Removed 30 stack frames]]>
    </failure>
  </testcase> <!-- @BeforeClass setup -->
  <testcase classname="TestLayer.LoginpageTest" name="@AfterClass tearDoun" time="-1.646489096291E9">
    <skipped/>
  </testcase> <!-- @AfterClass tearDoun -->
  <testcase classname="TestLayer.LoginpageTest" name="validateUsernameDisplayedStatus" time="0.0">
    <skipped/>
  </testcase> <!-- validateUsernameDisplayedStatus -->
  <testcase classname="TestLayer.LoginpageTest" name="validateUsernameEnabledStatus" time="0.0">
    <skipped/>
  </testcase> <!-- validateUsernameEnabledStatus -->
  <testcase classname="TestLayer.LoginpageTest" name="validateInterNameTextbox" time="0.0">
    <skipped/>
  </testcase> <!-- validateInterNameTextbox -->
  <testcase classname="TestLayer.LoginpageTest" name="ValidatePassDispleyed" time="0.0">
    <skipped/>
  </testcase> <!-- ValidatePassDispleyed -->
  <testcase classname="TestLayer.LoginpageTest" name="validatePassEnablaed" time="0.0">
    <skipped/>
  </testcase> <!-- validatePassEnablaed -->
  <testcase classname="TestLayer.LoginpageTest" name="validateenterPass" time="0.0">
    <skipped/>
  </testcase> <!-- validateenterPass -->
  <testcase classname="TestLayer.LoginpageTest" name="clickLoginButton" time="0.0">
    <skipped/>
  </testcase> <!-- clickLoginButton -->
</testsuite> <!-- Test -->
